<?xml version="1.0" encoding="UTF-8"?>
<!-- Generated by org.testng.reporters.JUnitReportReporter -->
<testsuite hostname="Rikki_PC" failures="0" tests="1" name="com.tekpyramid.tms.userTest.UserSignupAndLoginTest" time="8.123" errors="0" timestamp="2025-09-19T11:32:07 IST" skipped="0">
  <testcase classname="com.tekpyramid.tms.userTest.UserSignupAndLoginTest" name="userSignupAndLoginTest" time="8.123"/>
</testsuite> <!-- com.tekpyramid.tms.userTest.UserSignupAndLoginTest -->
