<?xml version="1.0" encoding="UTF-8"?>
<!-- Generated by org.testng.reporters.JUnitReportReporter -->
<testsuite hostname="Rikki_PC" failures="0" tests="1" name="com.tekpyramid.tms.adminTest.AdminCreateTourAndUserBooksTest" time="20.147" errors="0" timestamp="2025-09-19T16:46:33 IST" skipped="0">
  <testcase classname="com.tekpyramid.tms.adminTest.AdminCreateTourAndUserBooksTest" name="adminCreateTourUserBooksAndAdminConfirmTest" time="20.147"/>
</testsuite> <!-- com.tekpyramid.tms.adminTest.AdminCreateTourAndUserBooksTest -->
