<?xml version="1.0" encoding="UTF-8"?>
<!-- Generated by org.testng.reporters.JUnitReportReporter -->
<testsuite hostname="Rikki_PC" failures="0" tests="1" name="com.tekpyramid.tms.adminTest.ManageTourPackageTest" time="9.296" errors="0" timestamp="2025-09-21T23:47:58 IST" skipped="0">
  <testcase classname="com.tekpyramid.tms.adminTest.ManageTourPackageTest" name="createTourPackageTest" time="9.296"/>
</testsuite> <!-- com.tekpyramid.tms.adminTest.ManageTourPackageTest -->
