<?xml version="1.0" encoding="UTF-8"?>
<!-- Generated by org.testng.reporters.JUnitReportReporter -->
<testsuite hostname="Rikki_PC" failures="0" tests="1" name="com.tekpyramid.tms.adminTest.AdminLoginTest" time="9.686" errors="0" timestamp="2025-09-17T14:54:25 IST" skipped="0">
  <testcase classname="com.tekpyramid.tms.adminTest.AdminLoginTest" name="adminLoginTest" time="9.686"/>
</testsuite> <!-- com.tekpyramid.tms.adminTest.AdminLoginTest -->
