<?xml version="1.0" encoding="UTF-8"?>
<!-- Generated by org.testng.reporters.JUnitReportReporter -->
<testsuite hostname="Rikki_PC" failures="0" tests="3" name="com.tekpyramid.tms.adminTest.CreateTourPackageTest" time="70.510" errors="0" timestamp="2025-09-21T23:47:58 IST" skipped="2">
  <testcase classname="com.tekpyramid.tms.adminTest.CreateTourPackageTest" name="createTourPackageTest" time="22.816">
    <skipped/>
  </testcase> <!-- createTourPackageTest -->
  <testcase classname="com.tekpyramid.tms.adminTest.CreateTourPackageTest" name="createTourPackageTest" time="9.511"/>
  <testcase classname="com.tekpyramid.tms.adminTest.CreateTourPackageTest" name="createTourPackageTest" time="38.183">
    <skipped/>
  </testcase> <!-- createTourPackageTest -->
</testsuite> <!-- com.tekpyramid.tms.adminTest.CreateTourPackageTest -->
