<?xml version="1.0" encoding="UTF-8"?>
<!-- Generated by org.testng.reporters.JUnitReportReporter -->
<testsuite hostname="Rikki_PC" failures="0" tests="1" name="com.tekpyramid.tms.userTest.CreateBookingTest" time="8.820" errors="0" timestamp="2025-09-19T11:05:13 IST" skipped="0">
  <testcase classname="com.tekpyramid.tms.userTest.CreateBookingTest" name="createBookingTest" time="8.820"/>
</testsuite> <!-- com.tekpyramid.tms.userTest.CreateBookingTest -->
