<?xml version="1.0" encoding="UTF-8"?>
<!-- Generated by org.testng.reporters.JUnitReportReporter -->
<testsuite hostname="Rikki_PC" failures="0" tests="1" name="com.tekpyramid.tms.adminTest.CreateTourPackageTest" time="9.233" errors="0" timestamp="2025-09-18T09:30:51 IST" skipped="0">
  <testcase classname="com.tekpyramid.tms.adminTest.CreateTourPackageTest" name="createTourPackageTest" time="9.233"/>
</testsuite> <!-- com.tekpyramid.tms.adminTest.CreateTourPackageTest -->
