<?xml version="1.0" encoding="UTF-8"?>
<!-- Generated by org.testng.reporters.JUnitReportReporter -->
<testsuite hostname="Rikki_PC" failures="0" tests="1" name="com.tekpyramid.tms.userTest.CreateEnquiryTest" time="3.727" errors="0" timestamp="2025-09-18T10:16:26 IST" skipped="0">
  <testcase classname="com.tekpyramid.tms.userTest.CreateEnquiryTest" name="createEnquiryTest" time="3.727"/>
</testsuite> <!-- com.tekpyramid.tms.userTest.CreateEnquiryTest -->
